<?xml version="1.0" encoding="UTF-8"?>
<!-- Generated by org.testng.reporters.JUnitXMLReporter -->
<testsuite hostname="RZC0111-L" ignored="0" name="ActionKeywords" tests="6" failures="0" timestamp="16 Jul 2019 07:59:08 GMT" time="164.415" errors="0">
  <testcase name="IRSFlow" time="70.385" classname="liberty.AutoTest"/>
  <testcase name="IRNFlow" time="12.201" classname="liberty.AutoTest"/>
  <testcase name="CRNFlow" time="63.637" classname="liberty.AutoTest"/>
  <testcase name="ELNFlow" time="12.115" classname="liberty.AutoTest"/>
  <testcase name="EQFUTFlow" time="5.559" classname="liberty.AutoTest"/>
  <testcase name="CashMIFlow" time="0.452" classname="liberty.AutoTest"/>
</testsuite> <!-- ActionKeywords -->
